{"name": "Home Page Tests", "status": "broken", "statusDetails": {"message": "selenium.common.exceptions.TimeoutException: Message: \nStacktrace:\nSymbols not available. Dumping unresolved backtrace:\n\t0x7ff66fbdf3d5\n\t0x7ff66fbdf430\n\t0x7ff66f9810bd\n\t0x7ff66f9dc2fe\n\t0x7ff66f9dc60c\n\t0x7ff66fa2d187\n\t0x7ff66fa29d08\n\t0x7ff66f9ccb0c\n\t0x7ff66f9cda53\n\t0x7ff66febb470\n\t0x7ff66feb586d\n\t0x7ff66fed621a\n\t0x7ff66fbfb235\n\t0x7ff66fc03a5c\n\t0x7ff66fbe8844\n\t0x7ff66fbe89f6\n\t0x7ff66fbceb87\n\t0x7ffb0038e8d7\n\t0x7ffb0162c53c", "trace": "driver = <selenium.webdriver.chrome.webdriver.WebDriver (session=\"6d64617771fe20ef8fe921dc741847da\")>\n\n    @allure.title(\"Home Page Tests\")\n    @allure.description(\"Infinite scroll Navigation test\")\n    @pytest.mark.positive\n    def test_infinite_scroll_nav(driver):\n        home = HomePage(driver)\n        home.open(Urls.BASE_URL)\n>       home.click_infinite_scroll()\n\nsrc\\tests\\test_home_page.py:229: \n_ _ _ _ _ _ _ _ _ _ _ _ _ _ _ _ _ _ _ _ _ _ _ _ _ _ _ _ _ _ _ _ _ _ _ _ _ _ _ _ _ _ _ _ _ _ _ _ _ _ _ _ _ _ _ _ _ _ _ _ _ _ _ _ _ _ _ _ _ _ _ _ _ _\nsrc\\pages\\home_page.py:78: in click_infinite_scroll\n    self.click(HomePageLocators.inf_scroll)\nsrc\\pages\\base_page.py:16: in click\n    self.wait.until(EC.element_to_be_clickable(locator)).click()\n    ^^^^^^^^^^^^^^^^^^^^^^^^^^^^^^^^^^^^^^^^^^^^^^^^^^^^\n_ _ _ _ _ _ _ _ _ _ _ _ _ _ _ _ _ _ _ _ _ _ _ _ _ _ _ _ _ _ _ _ _ _ _ _ _ _ _ _ _ _ _ _ _ _ _ _ _ _ _ _ _ _ _ _ _ _ _ _ _ _ _ _ _ _ _ _ _ _ _ _ _ _\n\nself = <selenium.webdriver.support.wait.WebDriverWait (session=\"6d64617771fe20ef8fe921dc741847da\")>\nmethod = <function element_to_be_clickable.<locals>._predicate at 0x0000017C7B8F2840>, message = ''\n\n    def until(self, method: Callable[[D], Union[Literal[False], T]], message: str = \"\") -> T:\n        \"\"\"Wait until the method returns a value that is not False.\n    \n        Calls the method provided with the driver as an argument until the\n        return value does not evaluate to ``False``.\n    \n        Parameters:\n        -----------\n        method: callable(WebDriver)\n            - A callable object that takes a WebDriver instance as an argument.\n    \n        message: str\n            - Optional message for :exc:`TimeoutException`\n    \n        Return:\n        -------\n        object: T\n            - The result of the last call to `method`\n    \n        Raises:\n        -------\n        TimeoutException\n            - If 'method' does not return a truthy value within the WebDriverWait\n            object's timeout\n    \n        Example:\n        --------\n        >>> from selenium.webdriver.common.by import By\n        >>> from selenium.webdriver.support.ui import WebDriverWait\n        >>> from selenium.webdriver.support import expected_conditions as EC\n    \n        # Wait until an element is visible on the page\n        >>> wait = WebDriverWait(driver, 10)\n        >>> element = wait.until(EC.visibility_of_element_located((By.ID, \"exampleId\")))\n        >>> print(element.text)\n        \"\"\"\n        screen = None\n        stacktrace = None\n    \n        end_time = time.monotonic() + self._timeout\n        while True:\n            try:\n                value = method(self._driver)\n                if value:\n                    return value\n            except self._ignored_exceptions as exc:\n                screen = getattr(exc, \"screen\", None)\n                stacktrace = getattr(exc, \"stacktrace\", None)\n            if time.monotonic() > end_time:\n                break\n            time.sleep(self._poll)\n>       raise TimeoutException(message, screen, stacktrace)\nE       selenium.common.exceptions.TimeoutException: Message: \nE       Stacktrace:\nE       Symbols not available. Dumping unresolved backtrace:\nE       \t0x7ff66fbdf3d5\nE       \t0x7ff66fbdf430\nE       \t0x7ff66f9810bd\nE       \t0x7ff66f9dc2fe\nE       \t0x7ff66f9dc60c\nE       \t0x7ff66fa2d187\nE       \t0x7ff66fa29d08\nE       \t0x7ff66f9ccb0c\nE       \t0x7ff66f9cda53\nE       \t0x7ff66febb470\nE       \t0x7ff66feb586d\nE       \t0x7ff66fed621a\nE       \t0x7ff66fbfb235\nE       \t0x7ff66fc03a5c\nE       \t0x7ff66fbe8844\nE       \t0x7ff66fbe89f6\nE       \t0x7ff66fbceb87\nE       \t0x7ffb0038e8d7\nE       \t0x7ffb0162c53c\n\n.venv\\Lib\\site-packages\\selenium\\webdriver\\support\\wait.py:138: TimeoutException"}, "description": "Infinite scroll Navigation test", "start": 1770819006231, "stop": 1770819026201, "uuid": "2ccc3765-d05d-4246-86f1-9e2615943487", "historyId": "e4983c5f5e4d47887cdd31c558c8c544", "testCaseId": "e4983c5f5e4d47887cdd31c558c8c544", "fullName": "src.tests.test_home_page#test_infinite_scroll_nav", "labels": [{"name": "tag", "value": "positive"}, {"name": "parentSuite", "value": "src.tests"}, {"name": "suite", "value": "test_home_page"}, {"name": "host", "value": "Abhijeet-PC"}, {"name": "thread", "value": "31160-MainThread"}, {"name": "framework", "value": "pytest"}, {"name": "language", "value": "cpython3"}, {"name": "package", "value": "src.tests.test_home_page"}], "titlePath": ["src", "tests", "test_home_page.py"]}