{"name": "Add & Remove element Testing", "status": "broken", "statusDetails": {"message": "selenium.common.exceptions.NoSuchElementException: Message: no such element: Unable to locate element: {\"method\":\"xpath\",\"selector\":\"//button[normalize-space()='Delete']\"}\n  (Session info: chrome=144.0.7559.133); For documentation on this error, please visit: https://www.selenium.dev/documentation/webdriver/troubleshooting/errors#nosuchelementexception\nStacktrace:\nSymbols not available. Dumping unresolved backtrace:\n\t0x7ff76676f3d5\n\t0x7ff76676f430\n\t0x7ff7665110bd\n\t0x7ff76656c2fe\n\t0x7ff76656c60c\n\t0x7ff7665bd187\n\t0x7ff7665b9d08\n\t0x7ff76655cb0c\n\t0x7ff76655da53\n\t0x7ff766a4b470\n\t0x7ff766a4586d\n\t0x7ff766a6621a\n\t0x7ff76678b235\n\t0x7ff766793a5c\n\t0x7ff766778844\n\t0x7ff7667789f6\n\t0x7ff76675eb87\n\t0x7ffb0038e8d7\n\t0x7ffb0162c53c", "trace": "driver = <selenium.webdriver.chrome.webdriver.WebDriver (session=\"2c508f94503f2d379f30d1224513f45d\")>\n\n    @allure.title(\"Add & Remove element Testing\")\n    @allure.description(\"Testing Add & remove page\")\n    @pytest.mark.positive\n    def test_add_rem_page(driver):\n        home = HomePage(driver)\n        home.open(Urls.BASE_URL)\n        home.click_add_rem_ele()\n    \n        add_rem = AddRemPage(driver)\n        add_rem.click_add_element()\n>       delete_text = add_rem.click_del_element().text\n                      ^^^^^^^^^^^^^^^^^^^^^^^^^^^\n\nsrc\\tests\\test_add_rem_page.py:18: \n_ _ _ _ _ _ _ _ _ _ _ _ _ _ _ _ _ _ _ _ _ _ _ _ _ _ _ _ _ _ _ _ _ _ _ _ _ _ _ _ _ _ _ _ _ _ _ _ _ _ _ _ _ _ _ _ _ _ _ _ _ _ _ _ _ _ _ _ _ _ _ _ _ _\nsrc\\pages\\add_rem_page.py:14: in click_del_element\n    return self.driver.find_element(*AddRemPage.del_element)\n           ^^^^^^^^^^^^^^^^^^^^^^^^^^^^^^^^^^^^^^^^^^^^^^^^^\n.venv\\Lib\\site-packages\\selenium\\webdriver\\remote\\webdriver.py:926: in find_element\n    return self.execute(Command.FIND_ELEMENT, {\"using\": by, \"value\": value})[\"value\"]\n           ^^^^^^^^^^^^^^^^^^^^^^^^^^^^^^^^^^^^^^^^^^^^^^^^^^^^^^^^^^^^^^^^^\n.venv\\Lib\\site-packages\\selenium\\webdriver\\remote\\webdriver.py:458: in execute\n    self.error_handler.check_response(response)\n_ _ _ _ _ _ _ _ _ _ _ _ _ _ _ _ _ _ _ _ _ _ _ _ _ _ _ _ _ _ _ _ _ _ _ _ _ _ _ _ _ _ _ _ _ _ _ _ _ _ _ _ _ _ _ _ _ _ _ _ _ _ _ _ _ _ _ _ _ _ _ _ _ _\n\nself = <selenium.webdriver.remote.errorhandler.ErrorHandler object at 0x000001EAD3240830>\nresponse = {'status': 404, 'value': '{\"value\":{\"error\":\"no such element\",\"message\":\"no such element: Unable to locate element: {\\...ff766793a5c\\\\n\\\\t0x7ff766778844\\\\n\\\\t0x7ff7667789f6\\\\n\\\\t0x7ff76675eb87\\\\n\\\\t0x7ffb0038e8d7\\\\n\\\\t0x7ffb0162c53c\\\\n\"}}'}\n\n    def check_response(self, response: dict[str, Any]) -> None:\n        \"\"\"Checks that a JSON response from the WebDriver does not have an\n        error.\n    \n        :Args:\n         - response - The JSON response from the WebDriver server as a dictionary\n           object.\n    \n        :Raises: If the response contains an error message.\n        \"\"\"\n        status = response.get(\"status\", None)\n        if not status or status == ErrorCode.SUCCESS:\n            return\n        value = None\n        message = response.get(\"message\", \"\")\n        screen: str = response.get(\"screen\", \"\")\n        stacktrace = None\n        if isinstance(status, int):\n            value_json = response.get(\"value\", None)\n            if value_json and isinstance(value_json, str):\n                try:\n                    value = json.loads(value_json)\n                    if isinstance(value, dict):\n                        if len(value) == 1:\n                            value = value[\"value\"]\n                        status = value.get(\"error\", None)\n                        if not status:\n                            status = value.get(\"status\", ErrorCode.UNKNOWN_ERROR)\n                            message = value.get(\"value\") or value.get(\"message\")\n                            if not isinstance(message, str):\n                                value = message\n                                message = message.get(\"message\") if isinstance(message, dict) else None\n                        else:\n                            message = value.get(\"message\", None)\n                except ValueError:\n                    pass\n    \n        exception_class: type[WebDriverException]\n        e = ErrorCode()\n        error_codes = [item for item in dir(e) if not item.startswith(\"__\")]\n        for error_code in error_codes:\n            error_info = getattr(ErrorCode, error_code)\n            if isinstance(error_info, list) and status in error_info:\n                exception_class = getattr(ExceptionMapping, error_code, WebDriverException)\n                break\n        else:\n            exception_class = WebDriverException\n    \n        if not value:\n            value = response[\"value\"]\n        if isinstance(value, str):\n            raise exception_class(value)\n        if message == \"\" and \"message\" in value:\n            message = value[\"message\"]\n    \n        screen = None  # type: ignore[assignment]\n        if \"screen\" in value:\n            screen = value[\"screen\"]\n    \n        stacktrace = None\n        st_value = value.get(\"stackTrace\") or value.get(\"stacktrace\")\n        if st_value:\n            if isinstance(st_value, str):\n                stacktrace = st_value.split(\"\\n\")\n            else:\n                stacktrace = []\n                try:\n                    for frame in st_value:\n                        line = frame.get(\"lineNumber\", \"\")\n                        file = frame.get(\"fileName\", \"<anonymous>\")\n                        if line:\n                            file = f\"{file}:{line}\"\n                        meth = frame.get(\"methodName\", \"<anonymous>\")\n                        if \"className\" in frame:\n                            meth = f\"{frame['className']}.{meth}\"\n                        msg = \"    at %s (%s)\"\n                        msg = msg % (meth, file)\n                        stacktrace.append(msg)\n                except TypeError:\n                    pass\n        if exception_class == UnexpectedAlertPresentException:\n            alert_text = None\n            if \"data\" in value:\n                alert_text = value[\"data\"].get(\"text\")\n            elif \"alert\" in value:\n                alert_text = value[\"alert\"].get(\"text\")\n            raise exception_class(message, screen, stacktrace, alert_text)  # type: ignore[call-arg]  # mypy is not smart enough here\n>       raise exception_class(message, screen, stacktrace)\nE       selenium.common.exceptions.NoSuchElementException: Message: no such element: Unable to locate element: {\"method\":\"xpath\",\"selector\":\"//button[normalize-space()='Delete']\"}\nE         (Session info: chrome=144.0.7559.133); For documentation on this error, please visit: https://www.selenium.dev/documentation/webdriver/troubleshooting/errors#nosuchelementexception\nE       Stacktrace:\nE       Symbols not available. Dumping unresolved backtrace:\nE       \t0x7ff76676f3d5\nE       \t0x7ff76676f430\nE       \t0x7ff7665110bd\nE       \t0x7ff76656c2fe\nE       \t0x7ff76656c60c\nE       \t0x7ff7665bd187\nE       \t0x7ff7665b9d08\nE       \t0x7ff76655cb0c\nE       \t0x7ff76655da53\nE       \t0x7ff766a4b470\nE       \t0x7ff766a4586d\nE       \t0x7ff766a6621a\nE       \t0x7ff76678b235\nE       \t0x7ff766793a5c\nE       \t0x7ff766778844\nE       \t0x7ff7667789f6\nE       \t0x7ff76675eb87\nE       \t0x7ffb0038e8d7\nE       \t0x7ffb0162c53c\n\n.venv\\Lib\\site-packages\\selenium\\webdriver\\remote\\errorhandler.py:232: NoSuchElementException"}, "description": "Testing Add & remove page", "start": 1770829713315, "stop": 1770829717193, "uuid": "9043c466-1f79-4606-bda1-42897243b699", "historyId": "aab7e9851262ab29f7e24ccc08d29e73", "testCaseId": "aab7e9851262ab29f7e24ccc08d29e73", "fullName": "src.tests.test_add_rem_page#test_add_rem_page", "labels": [{"name": "tag", "value": "positive"}, {"name": "parentSuite", "value": "src.tests"}, {"name": "suite", "value": "test_add_rem_page"}, {"name": "host", "value": "Abhijeet-PC"}, {"name": "thread", "value": "31676-MainThread"}, {"name": "framework", "value": "pytest"}, {"name": "language", "value": "cpython3"}, {"name": "package", "value": "src.tests.test_add_rem_page"}], "titlePath": ["src", "tests", "test_add_rem_page.py"]}