{"name": "Home Page Tests", "status": "failed", "statusDetails": {"message": "AssertionError: assert 'https://the-...ascript_error' == 'https://the-...script_alerts'\n  \n  Skipping 36 identical leading characters in diff, use -v to show\n  \u001b[0m\u001b[91m- avascript_alerts\u001b[39;49;00m\u001b[90m\u001b[39;49;00m\n  ?           --  ^^\u001b[90m\u001b[39;49;00m\n  \u001b[92m+ avascript_error\u001b[39;49;00m\u001b[90m\u001b[39;49;00m\n  ?             ^^^\u001b[90m\u001b[39;49;00m", "trace": "driver = <selenium.webdriver.chrome.webdriver.WebDriver (session=\"61cf1a6f972a8f94f43c09ad4640b344\")>\n\n    @allure.title(\"Home Page Tests\")\n    @allure.description(\"JS Error Navigation test\")\n    @pytest.mark.positive\n    def test_js_error_nav(driver):\n        home = HomePage(driver)\n        home.open(Urls.BASE_URL)\n        home.click_js_error()\n>       assert home.driver.current_url == Urls.js_alert\nE       AssertionError: assert 'https://the-...ascript_error' == 'https://the-...script_alerts'\nE         \nE         Skipping 36 identical leading characters in diff, use -v to show\nE         \u001b[0m\u001b[91m- avascript_alerts\u001b[39;49;00m\u001b[90m\u001b[39;49;00m\nE         ?           --  ^^\u001b[90m\u001b[39;49;00m\nE         \u001b[92m+ avascript_error\u001b[39;49;00m\u001b[90m\u001b[39;49;00m\nE         ?             ^^^\u001b[90m\u001b[39;49;00m\n\nsrc\\tests\\test_home_page.py:267: AssertionError"}, "description": "JS Error Navigation test", "start": 1770819062529, "stop": 1770819067926, "uuid": "d5ba8773-ccb1-40ef-8d9c-5f9a2e590afa", "historyId": "7072dd8307e0c03c900b079198509299", "testCaseId": "7072dd8307e0c03c900b079198509299", "fullName": "src.tests.test_home_page#test_js_error_nav", "labels": [{"name": "tag", "value": "positive"}, {"name": "parentSuite", "value": "src.tests"}, {"name": "suite", "value": "test_home_page"}, {"name": "host", "value": "Abhijeet-PC"}, {"name": "thread", "value": "31160-MainThread"}, {"name": "framework", "value": "pytest"}, {"name": "language", "value": "cpython3"}, {"name": "package", "value": "src.tests.test_home_page"}], "titlePath": ["src", "tests", "test_home_page.py"]}